# JRE version: OpenJDK Runtime Environment (11.0.2+9) (build 11.0.2+9)
# Java VM: OpenJDK 64-Bit Server VM (11.0.2+9, mixed mode, tiered, compressed oops, g1 gc, windows-amd64)
Heap:
 garbage-first heap   total 354304K, used 177860K [0x0000000740000000, 0x0000000800000000)
  region size 1024K, 58 young (59392K), 2 survivors (2048K)
 Metaspace       used 92519K, capacity 93812K, committed 95312K, reserved 1132544K
  class space    used 12267K, capacity 12834K, committed 13312K, reserved 1048576K
GC Heap History (10 events):
Event: 23116.416 GC heap before
{Heap before GC invocations=296 (full 24):
 garbage-first heap   total 354304K, used 169062K [0x0000000740000000, 0x0000000800000000)
  region size 1024K, 60 young (61440K), 1 survivors (1024K)
 Metaspace       used 92395K, capacity 93685K, committed 95056K, reserved 1130496K
  class space    used 12253K, capacity 12815K, committed 13312K, reserved 1048576K
}
Event: 23116.422 GC heap after
{Heap after GC invocations=297 (full 24):
 garbage-first heap   total 354304K, used 108576K [0x0000000740000000, 0x0000000800000000)
  region size 1024K, 1 young (1024K), 1 survivors (1024K)
 Metaspace       used 92395K, capacity 93685K, committed 95056K, reserved 1130496K
  class space    used 12253K, capacity 12815K, committed 13312K, reserved 1048576K
}
Event: 23122.782 GC heap before
{Heap before GC invocations=297 (full 24):
 garbage-first heap   total 354304K, used 168992K [0x0000000740000000, 0x0000000800000000)
  region size 1024K, 60 young (61440K), 1 survivors (1024K)
 Metaspace       used 92449K, capacity 93737K, committed 95056K, reserved 1130496K
  class space    used 12263K, capacity 12833K, committed 13312K, reserved 1048576K
}
Event: 23122.789 GC heap after
{Heap after GC invocations=298 (full 24):
 garbage-first heap   total 354304K, used 108828K [0x0000000740000000, 0x0000000800000000)
  region size 1024K, 1 young (1024K), 1 survivors (1024K)
 Metaspace       used 92449K, capacity 93737K, committed 95056K, reserved 1130496K
  class space    used 12263K, capacity 12833K, committed 13312K, reserved 1048576K
}
Event: 23128.651 GC heap before
{Heap before GC invocations=298 (full 24):
 garbage-first heap   total 354304K, used 169244K [0x0000000740000000, 0x0000000800000000)
  region size 1024K, 60 young (61440K), 1 survivors (1024K)
 Metaspace       used 92484K, capacity 93801K, committed 95312K, reserved 1132544K
  class space    used 12266K, capacity 12833K, committed 13312K, reserved 1048576K
}
Event: 23128.659 GC heap after
{Heap after GC invocations=299 (full 24):
 garbage-first heap   total 354304K, used 109035K [0x0000000740000000, 0x0000000800000000)
  region size 1024K, 2 young (2048K), 2 survivors (2048K)
 Metaspace       used 92484K, capacity 93801K, committed 95312K, reserved 1132544K
  class space    used 12266K, capacity 12833K, committed 13312K, reserved 1048576K
}
Event: 23138.079 GC heap before
{Heap before GC invocations=299 (full 24):
 garbage-first heap   total 354304K, used 167403K [0x0000000740000000, 0x0000000800000000)
  region size 1024K, 60 young (61440K), 2 survivors (2048K)
 Metaspace       used 92494K, capacity 93804K, committed 95312K, reserved 1132544K
  class space    used 12267K, capacity 12834K, committed 13312K, reserved 1048576K
}
Event: 23138.087 GC heap after
{Heap after GC invocations=300 (full 24):
 garbage-first heap   total 354304K, used 109100K [0x0000000740000000, 0x0000000800000000)
  region size 1024K, 2 young (2048K), 2 survivors (2048K)
 Metaspace       used 92494K, capacity 93804K, committed 95312K, reserved 1132544K
  class space    used 12267K, capacity 12834K, committed 13312K, reserved 1048576K
}
Event: 23142.185 GC heap before
{Heap before GC invocations=300 (full 24):
 garbage-first heap   total 354304K, used 180780K [0x0000000740000000, 0x0000000800000000)
  region size 1024K, 60 young (61440K), 2 survivors (2048K)
 Metaspace       used 92518K, capacity 93812K, committed 95312K, reserved 1132544K
  class space    used 12267K, capacity 12834K, committed 13312K, reserved 1048576K
}
Event: 23142.193 GC heap after
{Heap after GC invocations=301 (full 24):
 garbage-first heap   total 354304K, used 121540K [0x0000000740000000, 0x0000000800000000)
  region size 1024K, 2 young (2048K), 2 survivors (2048K)
 Metaspace       used 92518K, capacity 93812K, committed 95312K, reserved 1132544K
  class space    used 12267K, capacity 12834K, committed 13312K, reserved 1048576K
}

